[2025-09-17 22:14:04,711][__main__][INFO] - 🚀 Starting Hydra-powered hole optimization
[2025-09-17 22:14:04,711][__main__][INFO] - 📁 Working directory: /Users/riccardoconci/Local_documents/Personalising-Crutches/V2/research
[2025-09-17 22:14:04,713][__main__][INFO] - ⚙️ Configuration:
optimizer_type: differentiable
differentiable:
  learning_rate: 0.01
  max_iterations: 1000
  convergence_threshold: 1.0e-06
  temperature: 0.1
  temperature_schedule: constant
  hidden_dims:
  - 64
  - 32
  activation: relu
  l2_reg: 0.0001
  dropout_rate: 0.1
  vocab_angle_samples: 20
  vocab_hole_samples: 50
  truss_angle_samples: 20
  truss_hole_samples: 50
  truss_length_min: 3.0
  truss_length_max: 15.0
random_seed: 42
verbose: true
use_initial_layout: false
create_plots: true
constraints:
  vertical_length: 20.0
  handle_length: 38.0
  forearm_length: 17.0
  vertical_pivot_length: 19.0
  forearm_pivot_length: 19.0
  min_hole_distance: 2.0
  hole_margin: 0.5
  alpha_min: 85.0
  alpha_max: 115.0
  beta_min: 95.0
  beta_max: 140.0
  gamma_min: -9.0
  gamma_max: 9.0
  require_alpha_beta_sum_ge_180: true
objectives:
  vocabulary_weight: 1.0
  truss_complexity_weight: 0.5
  manufacturability_weight: 0.1
  robustness_weight: 0.1
  max_unique_trusses: 15
  min_vocabulary_size: 50
  length_tolerance: 0.25
  angle_tolerance: 1.0
cross_validation_folds: 5
test_split: 0.2

[2025-09-17 22:14:04,713][__main__][INFO] - 🔧 Using optimizer: differentiable
[2025-09-17 22:14:04,749][jax._src.xla_bridge][INFO] - Unable to initialize backend 'tpu': INTERNAL: Failed to open libtpu.so: dlopen(libtpu.so, 0x0001): tried: 'libtpu.so' (no such file), '/System/Volumes/Preboot/Cryptexes/OSlibtpu.so' (no such file), '/Users/riccardoconci/miniforge3/envs/OPMO2/lib/python3.12/site-packages/jaxlib/../../../libtpu.so' (no such file), '/Users/riccardoconci/miniforge3/envs/OPMO2/bin/../lib/libtpu.so' (no such file), '/usr/lib/libtpu.so' (no such file, not in dyld cache), 'libtpu.so' (no such file), '/usr/local/lib/libtpu.so' (no such file), '/usr/lib/libtpu.so' (no such file, not in dyld cache)
[2025-09-17 22:14:04,994][root][WARNING] - wandb not available, disabling wandb logging
[2025-09-17 22:14:05,325][__main__][INFO] - 🎯 Running optimization...
[2025-09-17 22:14:05,325][__main__][ERROR] - ❌ Optimization failed: module 'jax' has no attribute 'time'
